2022-01-19 11:49:58,411 [openVisualizerApp:INFO] Initializing OpenVisualizerApp with options:
	appdir      = C:\Users\Lee\Desktop\OpenWSN\openvisualizer\build\runui
    sim         = True
    simCount    = 3
    trace       = False
    debug       = False
    testbedmotes= False
    usePageZero = False
2022-01-19 11:49:58,411 [openVisualizerApp:INFO] Using external dirs:
	conf     = C:\Users\Lee\Desktop\OpenWSN\openvisualizer\build\runui
    data     = C:\Users\Lee\Desktop\OpenWSN\openvisualizer\build\runui
    log      = C:\Users\Lee\Desktop\OpenWSN\openvisualizer\build\runui
2022-01-19 11:49:58,411 [openVisualizerApp:INFO] sys.path:
	C:\Users\Lee\Desktop\OpenWSN\coap
	C:\Users\Lee\Desktop\OpenWSN\openvisualizer\bin
	C:\Users\Lee\Desktop\OpenWSN\openvisualizer
	C:\WINDOWS\SYSTEM32\python27.zip
	C:\Python27\DLLs
	C:\Python27\lib
	C:\Python27\lib\plat-win
	C:\Python27\lib\lib-tk
	C:\Python27
	C:\Python27\lib\site-packages
	C:\Python27\lib\site-packages\win32
	C:\Python27\lib\site-packages\win32\lib
	C:\Python27\lib\site-packages\Pythonwin
2022-01-19 11:49:58,411 [RPL:INFO] create instance
2022-01-19 11:49:58,411 [JRC:INFO] create instance
2022-01-19 11:49:58,503 [SimEngine:INFO] starting
2022-01-19 11:49:58,517 [BspRadio_1:DEBUG] state=STOPPED
2022-01-19 11:49:58,517 [MoteHandler_1:INFO] thread initialized
2022-01-19 11:49:58,517 [BspRadio_2:DEBUG] state=STOPPED
2022-01-19 11:49:58,517 [MoteHandler_2:INFO] thread initialized
2022-01-19 11:49:58,517 [BspRadio_3:DEBUG] state=STOPPED
2022-01-19 11:49:58,517 [MoteHandler_3:INFO] thread initialized
2022-01-19 11:49:58,517 [ParserInfoErrorCritical:INFO] create instance
2022-01-19 11:49:58,517 [ParserInfoErrorCritical:INFO] create instance
2022-01-19 11:49:58,517 [ParserInfoErrorCritical:INFO] create instance
2022-01-19 11:49:58,533 [ParserInfoErrorCritical:INFO] create instance
2022-01-19 11:49:58,533 [ParserInfoErrorCritical:INFO] create instance
2022-01-19 11:49:58,533 [ParserInfoErrorCritical:INFO] create instance
2022-01-19 11:49:58,533 [ParserInfoErrorCritical:INFO] create instance
2022-01-19 11:49:58,533 [ParserInfoErrorCritical:INFO] create instance
2022-01-19 11:49:58,533 [ParserInfoErrorCritical:INFO] create instance
2022-01-19 11:49:58,582 [openVisualizerWeb:INFO] Creating OpenVisualizerWeb
2022-01-19 11:49:58,582 [MoteHandler_3:INFO] thread starting
2022-01-19 11:49:58,582 [ParserInfoErrorCritical:INFO] 3 [OPENWSN] booted
2022-01-19 11:49:58,582 [MoteHandler_2:INFO] thread starting
2022-01-19 11:49:58,582 [ParserInfoErrorCritical:INFO] 2 [OPENWSN] booted
2022-01-19 11:49:58,582 [MoteHandler_1:INFO] thread starting
2022-01-19 11:49:58,598 [ParserInfoErrorCritical:INFO] 1 [OPENWSN] booted
2022-01-19 11:50:25,575 [openVisualizerWeb:INFO] Toggle root status for moteid 0003
2022-01-19 11:50:25,581 [ParserInfoErrorCritical:ERROR] 3 [IEEE802154E] wrong state 1 in startSlot, at slotOffset 1
2022-01-19 11:50:25,612 [RPL:INFO] registering DAGroot 14-15-92-cc-00-00-00-03
2022-01-19 11:50:26,239 [ParserInfoErrorCritical:INFO] 2 [IEEE802154E] synchronized at slotOffset 0
2022-01-19 11:50:26,842 [ParserInfoErrorCritical:INFO] 2 [SIXTOP] sixtop return code RC_SUCCESS at sixtop state WAIT_ADDRESPONSE
2022-01-19 11:50:48,346 [ParserInfoErrorCritical:INFO] 1 [IEEE802154E] synchronized at slotOffset 0
2022-01-19 11:50:48,872 [ParserInfoErrorCritical:INFO] 1 [SIXTOP] sixtop return code RC_SUCCESS at sixtop state WAIT_ADDRESPONSE
2022-01-19 11:51:45,380 [ParserInfoErrorCritical:INFO] 2 [ICMPv6ECHO] received an echo request
2022-01-19 11:51:46,400 [ParserInfoErrorCritical:INFO] 2 [ICMPv6ECHO] received an echo request
2022-01-19 11:51:47,390 [ParserInfoErrorCritical:INFO] 2 [ICMPv6ECHO] received an echo request
2022-01-19 11:51:48,388 [ParserInfoErrorCritical:INFO] 2 [ICMPv6ECHO] received an echo request
2022-01-19 11:51:49,967 [ParserInfoErrorCritical:INFO] 1 [ICMPv6ECHO] received an echo request
2022-01-19 11:51:50,993 [ParserInfoErrorCritical:INFO] 1 [ICMPv6ECHO] received an echo request
2022-01-19 11:51:51,979 [ParserInfoErrorCritical:INFO] 1 [ICMPv6ECHO] received an echo request
2022-01-19 11:51:53,009 [ParserInfoErrorCritical:INFO] 1 [ICMPv6ECHO] received an echo request
2022-01-19 11:51:54,288 [openLbr:ERROR] no source route to [187, 187, 0, 0, 0, 0, 0, 0, 20, 21, 146, 204, 0, 0, 0, 3]
2022-01-19 11:51:59,141 [openLbr:ERROR] no source route to [187, 187, 0, 0, 0, 0, 0, 0, 20, 21, 146, 204, 0, 0, 0, 3]
2022-01-19 11:52:00,686 [openVisualizerApp:INFO] Closing OpenVisualizer
2022-01-19 11:52:00,701 [openLbr:ERROR] no source route to [187, 187, 0, 0, 0, 0, 0, 0, 0, 0, 0, 0, 0, 0, 0, 2]
2022-01-20 10:01:39,099 [openVisualizerApp:INFO] Initializing OpenVisualizerApp with options:
	appdir      = C:\Users\Lee\Desktop\OpenWSN - 원본\openvisualizer\build\runui
    sim         = True
    simCount    = 3
    trace       = False
    debug       = False
    testbedmotes= False
    usePageZero = False
2022-01-20 10:01:39,099 [openVisualizerApp:INFO] Using external dirs:
	conf     = C:\Users\Lee\Desktop\OpenWSN - 원본\openvisualizer\build\runui
    data     = C:\Users\Lee\Desktop\OpenWSN - 원본\openvisualizer\build\runui
    log      = C:\Users\Lee\Desktop\OpenWSN - 원본\openvisualizer\build\runui
2022-01-20 10:01:39,099 [openVisualizerApp:INFO] sys.path:
	C:\Users\Lee\Desktop\OpenWSN - 원본\coap
	C:\Users\Lee\Desktop\OpenWSN - 원본\openvisualizer\bin
	C:\Users\Lee\Desktop\OpenWSN - 원본\openvisualizer
	C:\WINDOWS\SYSTEM32\python27.zip
	C:\Python27\DLLs
	C:\Python27\lib
	C:\Python27\lib\plat-win
	C:\Python27\lib\lib-tk
	C:\Python27
	C:\Python27\lib\site-packages
	C:\Python27\lib\site-packages\win32
	C:\Python27\lib\site-packages\win32\lib
	C:\Python27\lib\site-packages\Pythonwin
2022-01-20 10:01:39,099 [RPL:INFO] create instance
2022-01-20 10:01:39,099 [JRC:INFO] create instance
2022-01-20 10:01:39,168 [SimEngine:INFO] starting
2022-01-20 10:01:39,190 [BspRadio_1:DEBUG] state=STOPPED
2022-01-20 10:01:39,190 [MoteHandler_1:INFO] thread initialized
2022-01-20 10:01:39,190 [BspRadio_2:DEBUG] state=STOPPED
2022-01-20 10:01:39,190 [MoteHandler_2:INFO] thread initialized
2022-01-20 10:01:39,190 [BspRadio_3:DEBUG] state=STOPPED
2022-01-20 10:01:39,190 [MoteHandler_3:INFO] thread initialized
2022-01-20 10:01:39,201 [ParserInfoErrorCritical:INFO] create instance
2022-01-20 10:01:39,201 [ParserInfoErrorCritical:INFO] create instance
2022-01-20 10:01:39,201 [ParserInfoErrorCritical:INFO] create instance
2022-01-20 10:01:39,201 [ParserInfoErrorCritical:INFO] create instance
2022-01-20 10:01:39,201 [ParserInfoErrorCritical:INFO] create instance
2022-01-20 10:01:39,201 [ParserInfoErrorCritical:INFO] create instance
2022-01-20 10:01:39,210 [ParserInfoErrorCritical:INFO] create instance
2022-01-20 10:01:39,210 [ParserInfoErrorCritical:INFO] create instance
2022-01-20 10:01:39,210 [ParserInfoErrorCritical:INFO] create instance
2022-01-20 10:01:39,272 [openVisualizerWeb:INFO] Creating OpenVisualizerWeb
2022-01-20 10:01:39,272 [MoteHandler_3:INFO] thread starting
2022-01-20 10:01:39,286 [ParserInfoErrorCritical:INFO] 3 [OPENWSN] booted
2022-01-20 10:01:39,288 [MoteHandler_2:INFO] thread starting
2022-01-20 10:01:39,290 [ParserInfoErrorCritical:INFO] 2 [OPENWSN] booted
2022-01-20 10:01:39,290 [MoteHandler_1:INFO] thread starting
2022-01-20 10:01:39,290 [ParserInfoErrorCritical:INFO] 1 [OPENWSN] booted
2022-01-20 10:06:04,177 [openVisualizerApp:INFO] Initializing OpenVisualizerApp with options:
	appdir      = C:\Users\Lee\Desktop\OpenWSN_Original\openvisualizer\build\runui
    sim         = True
    simCount    = 3
    trace       = False
    debug       = False
    testbedmotes= False
    usePageZero = False
2022-01-20 10:06:04,177 [openVisualizerApp:INFO] Using external dirs:
	conf     = C:\Users\Lee\Desktop\OpenWSN_Original\openvisualizer\build\runui
    data     = C:\Users\Lee\Desktop\OpenWSN_Original\openvisualizer\build\runui
    log      = C:\Users\Lee\Desktop\OpenWSN_Original\openvisualizer\build\runui
2022-01-20 10:06:04,177 [openVisualizerApp:INFO] sys.path:
	C:\Users\Lee\Desktop\OpenWSN_Original\coap
	C:\Users\Lee\Desktop\OpenWSN_Original\openvisualizer\bin
	C:\Users\Lee\Desktop\OpenWSN_Original\openvisualizer
	C:\WINDOWS\SYSTEM32\python27.zip
	C:\Python27\DLLs
	C:\Python27\lib
	C:\Python27\lib\plat-win
	C:\Python27\lib\lib-tk
	C:\Python27
	C:\Python27\lib\site-packages
	C:\Python27\lib\site-packages\win32
	C:\Python27\lib\site-packages\win32\lib
	C:\Python27\lib\site-packages\Pythonwin
2022-01-20 10:06:04,177 [RPL:INFO] create instance
2022-01-20 10:06:04,177 [JRC:INFO] create instance
2022-01-20 10:06:04,351 [SimEngine:INFO] starting
2022-01-20 10:06:04,388 [BspRadio_1:DEBUG] state=STOPPED
2022-01-20 10:06:04,388 [MoteHandler_1:INFO] thread initialized
2022-01-20 10:06:04,391 [BspRadio_2:DEBUG] state=STOPPED
2022-01-20 10:06:04,391 [MoteHandler_2:INFO] thread initialized
2022-01-20 10:06:04,394 [BspRadio_3:DEBUG] state=STOPPED
2022-01-20 10:06:04,394 [MoteHandler_3:INFO] thread initialized
2022-01-20 10:06:04,400 [ParserInfoErrorCritical:INFO] create instance
2022-01-20 10:06:04,400 [ParserInfoErrorCritical:INFO] create instance
2022-01-20 10:06:04,400 [ParserInfoErrorCritical:INFO] create instance
2022-01-20 10:06:04,403 [ParserInfoErrorCritical:INFO] create instance
2022-01-20 10:06:04,403 [ParserInfoErrorCritical:INFO] create instance
2022-01-20 10:06:04,403 [ParserInfoErrorCritical:INFO] create instance
2022-01-20 10:06:04,403 [ParserInfoErrorCritical:INFO] create instance
2022-01-20 10:06:04,403 [ParserInfoErrorCritical:INFO] create instance
2022-01-20 10:06:04,403 [ParserInfoErrorCritical:INFO] create instance
2022-01-20 10:06:04,450 [openVisualizerWeb:INFO] Creating OpenVisualizerWeb
2022-01-20 10:06:04,450 [MoteHandler_3:INFO] thread starting
2022-01-20 10:06:04,450 [ParserInfoErrorCritical:INFO] 3 [OPENWSN] booted
2022-01-20 10:06:04,450 [MoteHandler_2:INFO] thread starting
2022-01-20 10:06:04,450 [ParserInfoErrorCritical:INFO] 2 [OPENWSN] booted
2022-01-20 10:06:04,466 [MoteHandler_1:INFO] thread starting
2022-01-20 10:06:04,466 [ParserInfoErrorCritical:INFO] 1 [OPENWSN] booted
2022-01-20 10:06:24,786 [openVisualizerWeb:INFO] Toggle root status for moteid 0003
2022-01-20 10:06:24,792 [ParserInfoErrorCritical:ERROR] 3 [IEEE802154E] wrong state 1 in startSlot, at slotOffset 1
2022-01-20 10:06:24,826 [RPL:INFO] registering DAGroot 14-15-92-cc-00-00-00-03
2022-01-20 10:06:27,065 [ParserInfoErrorCritical:INFO] 2 [IEEE802154E] synchronized at slotOffset 0
2022-01-20 10:06:27,845 [ParserInfoErrorCritical:INFO] 2 [SIXTOP] sixtop return code RC_SUCCESS at sixtop state WAIT_ADDRESPONSE
2022-01-20 10:06:29,730 [ParserInfoErrorCritical:INFO] 1 [IEEE802154E] synchronized at slotOffset 0
2022-01-20 10:06:30,680 [ParserInfoErrorCritical:INFO] 1 [SIXTOP] sixtop return code RC_SUCCESS at sixtop state WAIT_ADDRESPONSE
2022-01-20 10:07:00,272 [ParserInfoErrorCritical:INFO] 1 [ICMPv6ECHO] received an echo request
2022-01-20 10:07:01,283 [ParserInfoErrorCritical:INFO] 1 [ICMPv6ECHO] received an echo request
2022-01-20 10:07:02,286 [ParserInfoErrorCritical:INFO] 1 [ICMPv6ECHO] received an echo request
2022-01-20 10:07:03,246 [ParserInfoErrorCritical:INFO] 1 [ICMPv6ECHO] received an echo request
2022-01-20 10:07:04,532 [ParserInfoErrorCritical:INFO] 2 [ICMPv6ECHO] received an echo request
2022-01-20 10:07:05,519 [ParserInfoErrorCritical:INFO] 2 [ICMPv6ECHO] received an echo request
2022-01-20 10:07:06,542 [ParserInfoErrorCritical:INFO] 2 [ICMPv6ECHO] received an echo request
2022-01-20 10:07:07,569 [ParserInfoErrorCritical:INFO] 2 [ICMPv6ECHO] received an echo request
2022-01-20 10:07:24,703 [openVisualizerApp:INFO] Closing OpenVisualizer
2022-01-20 10:07:24,703 [openLbr:ERROR] no source route to [187, 187, 0, 0, 0, 0, 0, 0, 0, 0, 0, 0, 0, 0, 0, 2]
2022-02-25 10:28:21,117 [openVisualizerApp:INFO] Initializing OpenVisualizerApp with options:
	appdir      = C:\Users\Lee\Desktop\11\OpenWSN_Original\openvisualizer\build\runui
    sim         = True
    simCount    = 3
    trace       = False
    debug       = False
    testbedmotes= False
    usePageZero = False
2022-02-25 10:28:21,117 [openVisualizerApp:INFO] Using external dirs:
	conf     = C:\Users\Lee\Desktop\11\OpenWSN_Original\openvisualizer\build\runui
    data     = C:\Users\Lee\Desktop\11\OpenWSN_Original\openvisualizer\build\runui
    log      = C:\Users\Lee\Desktop\11\OpenWSN_Original\openvisualizer\build\runui
2022-02-25 10:28:21,117 [openVisualizerApp:INFO] sys.path:
	C:\Users\Lee\Desktop\11\OpenWSN_Original\coap
	C:\Users\Lee\Desktop\11\OpenWSN_Original\openvisualizer\bin
	C:\Users\Lee\Desktop\11\OpenWSN_Original\openvisualizer
	C:\Windows\SYSTEM32\python27.zip
	C:\Python27\DLLs
	C:\Python27\lib
	C:\Python27\lib\plat-win
	C:\Python27\lib\lib-tk
	C:\Python27
	C:\Python27\lib\site-packages
	C:\Python27\lib\site-packages\win32
	C:\Python27\lib\site-packages\win32\lib
	C:\Python27\lib\site-packages\Pythonwin
2022-02-25 10:28:21,117 [RPL:INFO] create instance
2022-02-25 10:28:21,117 [JRC:INFO] create instance
2022-02-25 10:28:21,184 [SimEngine:INFO] starting
2022-02-25 10:28:21,188 [BspRadio_1:DEBUG] state=STOPPED
2022-02-25 10:28:21,190 [MoteHandler_1:INFO] thread initialized
2022-02-25 10:28:21,190 [BspRadio_2:DEBUG] state=STOPPED
2022-02-25 10:28:21,190 [MoteHandler_2:INFO] thread initialized
2022-02-25 10:28:21,190 [BspRadio_3:DEBUG] state=STOPPED
2022-02-25 10:28:21,191 [MoteHandler_3:INFO] thread initialized
2022-02-25 10:28:21,196 [ParserInfoErrorCritical:INFO] create instance
2022-02-25 10:28:21,197 [ParserInfoErrorCritical:INFO] create instance
2022-02-25 10:28:21,197 [ParserInfoErrorCritical:INFO] create instance
2022-02-25 10:28:21,201 [ParserInfoErrorCritical:INFO] create instance
2022-02-25 10:28:21,201 [ParserInfoErrorCritical:INFO] create instance
2022-02-25 10:28:21,201 [ParserInfoErrorCritical:INFO] create instance
2022-02-25 10:28:21,206 [ParserInfoErrorCritical:INFO] create instance
2022-02-25 10:28:21,207 [ParserInfoErrorCritical:INFO] create instance
2022-02-25 10:28:21,207 [ParserInfoErrorCritical:INFO] create instance
2022-02-25 10:28:21,266 [openVisualizerWeb:INFO] Creating OpenVisualizerWeb
2022-02-25 10:28:21,266 [MoteHandler_3:INFO] thread starting
2022-02-25 10:28:21,267 [ParserInfoErrorCritical:INFO] 3 [OPENWSN] booted
2022-02-25 10:28:21,270 [MoteHandler_2:INFO] thread starting
2022-02-25 10:28:21,273 [ParserInfoErrorCritical:INFO] 2 [OPENWSN] booted
2022-02-25 10:28:21,276 [MoteHandler_1:INFO] thread starting
2022-02-25 10:28:21,278 [ParserInfoErrorCritical:INFO] 1 [OPENWSN] booted
2022-02-25 10:28:43,127 [openVisualizerWeb:INFO] Toggle root status for moteid 0002
2022-02-25 10:28:43,131 [ParserInfoErrorCritical:ERROR] 2 [IEEE802154E] wrong state 1 in startSlot, at slotOffset 1
2022-02-25 10:28:43,147 [RPL:INFO] registering DAGroot 14-15-92-cc-00-00-00-02
2022-02-25 10:28:44,308 [ParserInfoErrorCritical:INFO] 3 [IEEE802154E] synchronized at slotOffset 0
2022-02-25 10:28:44,858 [ParserInfoErrorCritical:INFO] 3 [SIXTOP] sixtop return code RC_SUCCESS at sixtop state WAIT_ADDRESPONSE
2022-02-25 10:28:47,851 [ParserInfoErrorCritical:INFO] 1 [IEEE802154E] synchronized at slotOffset 0
2022-02-25 10:28:48,233 [ParserInfoErrorCritical:INFO] 1 [SIXTOP] sixtop return code RC_SUCCESS at sixtop state WAIT_ADDRESPONSE
2022-02-25 10:29:11,075 [openVisualizerApp:INFO] Closing OpenVisualizer
2022-02-25 10:50:56,861 [openVisualizerApp:INFO] Initializing OpenVisualizerApp with options:
	appdir      = C:\Users\Lee\Desktop\11\OpenWSN_Original\openvisualizer\build\runui
    sim         = False
    simCount    = 0
    trace       = False
    debug       = False
    testbedmotes= False
    usePageZero = False
2022-02-25 10:50:56,861 [openVisualizerApp:INFO] Using external dirs:
	conf     = C:\Users\Lee\Desktop\11\OpenWSN_Original\openvisualizer\build\runui
    data     = C:\Users\Lee\Desktop\11\OpenWSN_Original\openvisualizer\build\runui
    log      = C:\Users\Lee\Desktop\11\OpenWSN_Original\openvisualizer\build\runui
2022-02-25 10:50:56,861 [openVisualizerApp:INFO] sys.path:
	C:\Users\Lee\Desktop\11\OpenWSN_Original\coap
	C:\Users\Lee\Desktop\11\OpenWSN_Original\openvisualizer\bin
	C:\Users\Lee\Desktop\11\OpenWSN_Original\openvisualizer
	C:\Windows\SYSTEM32\python27.zip
	C:\Python27\DLLs
	C:\Python27\lib
	C:\Python27\lib\plat-win
	C:\Python27\lib\lib-tk
	C:\Python27
	C:\Python27\lib\site-packages
	C:\Python27\lib\site-packages\win32
	C:\Python27\lib\site-packages\win32\lib
	C:\Python27\lib\site-packages\Pythonwin
2022-02-25 10:50:56,862 [RPL:INFO] create instance
2022-02-25 10:50:56,862 [JRC:INFO] create instance
2022-02-25 10:51:00,309 [ParserInfoErrorCritical:INFO] create instance
2022-02-25 10:51:00,309 [ParserInfoErrorCritical:INFO] create instance
2022-02-25 10:51:00,309 [ParserInfoErrorCritical:INFO] create instance
2022-02-25 10:51:00,309 [ParserInfoErrorCritical:INFO] create instance
2022-02-25 10:51:00,309 [ParserInfoErrorCritical:INFO] create instance
2022-02-25 10:51:00,309 [ParserInfoErrorCritical:INFO] create instance
2022-02-25 10:51:00,362 [openVisualizerWeb:INFO] Creating OpenVisualizerWeb
2022-02-25 10:51:06,713 [openVisualizerWeb:INFO] Toggle root status for moteid 5ea8
2022-02-25 10:51:06,753 [ParserInfoErrorCritical:ERROR] 5ea8 [IEEE802154E] wrong state 1 in startSlot, at slotOffset 1
2022-02-25 10:51:07,391 [RPL:INFO] registering DAGroot 00-12-4b-00-04-30-5e-a8
2022-02-25 10:51:08,167 [ParserInfoErrorCritical:INFO] c486 [IEEE802154E] synchronized at slotOffset 0
2022-02-25 10:51:10,961 [ParserInfoErrorCritical:ERROR] c486 [IEEE802154E] large timeCorr.: 6 ticks (code loc. 0)
2022-02-25 10:51:10,963 [ParserInfoErrorCritical:INFO] c486 [SIXTOP] sixtop return code RC_SUCCESS at sixtop state WAIT_ADDRESPONSE
2022-02-25 10:51:12,244 [ParserInfoErrorCritical:ERROR] c486 [IEEE802154E] large timeCorr.: -6 ticks (code loc. 1)
2022-02-25 10:51:21,743 [openVisualizerApp:INFO] Closing OpenVisualizer
2022-02-25 11:57:58,387 [openVisualizerApp:INFO] Initializing OpenVisualizerApp with options:
	appdir      = C:\Users\Lee\Desktop\Git\OpenWSN\openvisualizer\build\runui
    sim         = False
    simCount    = 0
    trace       = False
    debug       = False
    testbedmotes= False
    usePageZero = False
2022-02-25 11:57:58,387 [openVisualizerApp:INFO] Using external dirs:
	conf     = C:\Users\Lee\Desktop\Git\OpenWSN\openvisualizer\build\runui
    data     = C:\Users\Lee\Desktop\Git\OpenWSN\openvisualizer\build\runui
    log      = C:\Users\Lee\Desktop\Git\OpenWSN\openvisualizer\build\runui
2022-02-25 11:57:58,387 [openVisualizerApp:INFO] sys.path:
	C:\Users\Lee\Desktop\Git\OpenWSN\coap
	C:\Users\Lee\Desktop\Git\OpenWSN\openvisualizer\bin
	C:\Users\Lee\Desktop\Git\OpenWSN\openvisualizer
	C:\Windows\SYSTEM32\python27.zip
	C:\Python27\DLLs
	C:\Python27\lib
	C:\Python27\lib\plat-win
	C:\Python27\lib\lib-tk
	C:\Python27
	C:\Python27\lib\site-packages
	C:\Python27\lib\site-packages\win32
	C:\Python27\lib\site-packages\win32\lib
	C:\Python27\lib\site-packages\Pythonwin
2022-02-25 11:57:58,387 [RPL:INFO] create instance
2022-02-25 11:57:58,387 [JRC:INFO] create instance
2022-02-25 11:58:01,864 [ParserInfoErrorCritical:INFO] create instance
2022-02-25 11:58:01,864 [ParserInfoErrorCritical:INFO] create instance
2022-02-25 11:58:01,864 [ParserInfoErrorCritical:INFO] create instance
2022-02-25 11:58:01,864 [ParserInfoErrorCritical:INFO] create instance
2022-02-25 11:58:01,864 [ParserInfoErrorCritical:INFO] create instance
2022-02-25 11:58:01,864 [ParserInfoErrorCritical:INFO] create instance
2022-02-25 11:58:01,910 [openVisualizerWeb:INFO] Creating OpenVisualizerWeb
2022-02-25 11:58:16,736 [openVisualizerWeb:INFO] Toggle root status for moteid 5ea8
2022-02-25 11:58:16,763 [ParserInfoErrorCritical:ERROR] 5ea8 [IEEE802154E] wrong state 1 in startSlot, at slotOffset 1
2022-02-25 11:58:17,147 [ParserInfoErrorCritical:INFO] c486 [IEEE802154E] synchronized at slotOffset 0
2022-02-25 11:58:17,259 [RPL:INFO] registering DAGroot 00-12-4b-00-04-30-5e-a8
2022-02-25 11:58:18,885 [ParserInfoErrorCritical:INFO] c486 [SIXTOP] sixtop return code RC_SUCCESS at sixtop state WAIT_ADDRESPONSE
2022-02-25 11:59:15,499 [openVisualizerApp:INFO] Closing OpenVisualizer
2022-02-25 12:06:23,065 [openVisualizerApp:INFO] Initializing OpenVisualizerApp with options:
	appdir      = C:\Users\Lee\Desktop\Git\OpenWSN\openvisualizer\build\runui
    sim         = False
    simCount    = 0
    trace       = False
    debug       = False
    testbedmotes= False
    usePageZero = False
2022-02-25 12:06:23,065 [openVisualizerApp:INFO] Using external dirs:
	conf     = C:\Users\Lee\Desktop\Git\OpenWSN\openvisualizer\build\runui
    data     = C:\Users\Lee\Desktop\Git\OpenWSN\openvisualizer\build\runui
    log      = C:\Users\Lee\Desktop\Git\OpenWSN\openvisualizer\build\runui
2022-02-25 12:06:23,065 [openVisualizerApp:INFO] sys.path:
	C:\Users\Lee\Desktop\Git\OpenWSN\coap
	C:\Users\Lee\Desktop\Git\OpenWSN\openvisualizer\bin
	C:\Users\Lee\Desktop\Git\OpenWSN\openvisualizer
	C:\Windows\SYSTEM32\python27.zip
	C:\Python27\DLLs
	C:\Python27\lib
	C:\Python27\lib\plat-win
	C:\Python27\lib\lib-tk
	C:\Python27
	C:\Python27\lib\site-packages
	C:\Python27\lib\site-packages\win32
	C:\Python27\lib\site-packages\win32\lib
	C:\Python27\lib\site-packages\Pythonwin
2022-02-25 12:06:23,065 [RPL:INFO] create instance
2022-02-25 12:06:23,065 [JRC:INFO] create instance
2022-02-25 12:06:25,529 [ParserInfoErrorCritical:INFO] create instance
2022-02-25 12:06:25,529 [ParserInfoErrorCritical:INFO] create instance
2022-02-25 12:06:25,529 [ParserInfoErrorCritical:INFO] create instance
2022-02-25 12:06:25,529 [ParserInfoErrorCritical:INFO] create instance
2022-02-25 12:06:25,529 [ParserInfoErrorCritical:INFO] create instance
2022-02-25 12:06:25,529 [ParserInfoErrorCritical:INFO] create instance
2022-02-25 12:06:25,575 [openVisualizerWeb:INFO] Creating OpenVisualizerWeb
2022-02-25 12:06:35,630 [openVisualizerWeb:INFO] Toggle root status for moteid 5ea8
2022-02-25 12:06:35,661 [ParserInfoErrorCritical:ERROR] 5ea8 [IEEE802154E] wrong state 1 in startSlot, at slotOffset 1
2022-02-25 12:06:36,220 [RPL:INFO] registering DAGroot 00-12-4b-00-04-30-5e-a8
2022-02-25 12:06:37,219 [ParserInfoErrorCritical:INFO] c486 [IEEE802154E] synchronized at slotOffset 0
2022-02-25 12:07:05,757 [ParserInfoErrorCritical:ERROR] c486 [IEEE802154E] large timeCorr.: 6 ticks (code loc. 0)
2022-02-25 12:07:05,773 [ParserInfoErrorCritical:INFO] c486 [SIXTOP] sixtop return code RC_SUCCESS at sixtop state WAIT_ADDRESPONSE
2022-02-25 12:07:16,154 [openVisualizerApp:INFO] Closing OpenVisualizer
2022-02-25 12:07:48,023 [openVisualizerApp:INFO] Initializing OpenVisualizerApp with options:
	appdir      = C:\Users\Lee\Desktop\Git\OpenWSN\openvisualizer\build\runui
    sim         = False
    simCount    = 0
    trace       = False
    debug       = False
    testbedmotes= False
    usePageZero = False
2022-02-25 12:07:48,026 [openVisualizerApp:INFO] Using external dirs:
	conf     = C:\Users\Lee\Desktop\Git\OpenWSN\openvisualizer\build\runui
    data     = C:\Users\Lee\Desktop\Git\OpenWSN\openvisualizer\build\runui
    log      = C:\Users\Lee\Desktop\Git\OpenWSN\openvisualizer\build\runui
2022-02-25 12:07:48,026 [openVisualizerApp:INFO] sys.path:
	C:\Users\Lee\Desktop\Git\OpenWSN\coap
	C:\Users\Lee\Desktop\Git\OpenWSN\openvisualizer\bin
	C:\Users\Lee\Desktop\Git\OpenWSN\openvisualizer
	C:\Windows\SYSTEM32\python27.zip
	C:\Python27\DLLs
	C:\Python27\lib
	C:\Python27\lib\plat-win
	C:\Python27\lib\lib-tk
	C:\Python27
	C:\Python27\lib\site-packages
	C:\Python27\lib\site-packages\win32
	C:\Python27\lib\site-packages\win32\lib
	C:\Python27\lib\site-packages\Pythonwin
2022-02-25 12:07:48,026 [RPL:INFO] create instance
2022-02-25 12:07:48,026 [JRC:INFO] create instance
2022-02-25 12:07:50,528 [ParserInfoErrorCritical:INFO] create instance
2022-02-25 12:07:50,528 [ParserInfoErrorCritical:INFO] create instance
2022-02-25 12:07:50,528 [ParserInfoErrorCritical:INFO] create instance
2022-02-25 12:07:50,559 [openVisualizerWeb:INFO] Creating OpenVisualizerWeb
2022-02-25 12:08:59,604 [openVisualizerApp:INFO] Closing OpenVisualizer
2022-02-25 12:09:48,250 [openVisualizerApp:INFO] Initializing OpenVisualizerApp with options:
	appdir      = C:\Users\Lee\Desktop\Git\OpenWSN\openvisualizer\build\runui
    sim         = False
    simCount    = 0
    trace       = False
    debug       = False
    testbedmotes= False
    usePageZero = False
2022-02-25 12:09:48,250 [openVisualizerApp:INFO] Using external dirs:
	conf     = C:\Users\Lee\Desktop\Git\OpenWSN\openvisualizer\build\runui
    data     = C:\Users\Lee\Desktop\Git\OpenWSN\openvisualizer\build\runui
    log      = C:\Users\Lee\Desktop\Git\OpenWSN\openvisualizer\build\runui
2022-02-25 12:09:48,250 [openVisualizerApp:INFO] sys.path:
	C:\Users\Lee\Desktop\Git\OpenWSN\coap
	C:\Users\Lee\Desktop\Git\OpenWSN\openvisualizer\bin
	C:\Users\Lee\Desktop\Git\OpenWSN\openvisualizer
	C:\Windows\SYSTEM32\python27.zip
	C:\Python27\DLLs
	C:\Python27\lib
	C:\Python27\lib\plat-win
	C:\Python27\lib\lib-tk
	C:\Python27
	C:\Python27\lib\site-packages
	C:\Python27\lib\site-packages\win32
	C:\Python27\lib\site-packages\win32\lib
	C:\Python27\lib\site-packages\Pythonwin
2022-02-25 12:09:48,250 [RPL:INFO] create instance
2022-02-25 12:09:48,250 [JRC:INFO] create instance
2022-02-25 12:09:50,665 [ParserInfoErrorCritical:INFO] create instance
2022-02-25 12:09:50,665 [ParserInfoErrorCritical:INFO] create instance
2022-02-25 12:09:50,665 [ParserInfoErrorCritical:INFO] create instance
2022-02-25 12:09:50,665 [ParserInfoErrorCritical:INFO] create instance
2022-02-25 12:09:50,665 [ParserInfoErrorCritical:INFO] create instance
2022-02-25 12:09:50,665 [ParserInfoErrorCritical:INFO] create instance
2022-02-25 12:09:50,713 [openVisualizerWeb:INFO] Creating OpenVisualizerWeb
2022-02-25 12:10:08,398 [openVisualizerWeb:INFO] Toggle root status for moteid 5ea8
2022-02-25 12:10:08,428 [ParserInfoErrorCritical:ERROR] 5ea8 [IEEE802154E] wrong state 1 in startSlot, at slotOffset 1
2022-02-25 12:10:09,200 [ParserInfoErrorCritical:INFO] c486 [IEEE802154E] synchronized at slotOffset 0
2022-02-25 12:10:09,345 [RPL:INFO] registering DAGroot 00-12-4b-00-04-30-5e-a8
2022-02-25 12:10:34,101 [ParserInfoErrorCritical:ERROR] c486 [IEEE802154E] large timeCorr.: 6 ticks (code loc. 0)
2022-02-25 12:10:34,101 [ParserInfoErrorCritical:INFO] c486 [SIXTOP] sixtop return code RC_SUCCESS at sixtop state WAIT_ADDRESPONSE
2022-02-25 13:00:25,598 [openVisualizerApp:INFO] Closing OpenVisualizer
2022-02-25 13:01:43,720 [openVisualizerApp:INFO] Initializing OpenVisualizerApp with options:
	appdir      = C:\Users\Lee\Desktop\Git\OpenWSN\openvisualizer\build\runui
    sim         = False
    simCount    = 0
    trace       = False
    debug       = False
    testbedmotes= False
    usePageZero = False
2022-02-25 13:01:43,720 [openVisualizerApp:INFO] Using external dirs:
	conf     = C:\Users\Lee\Desktop\Git\OpenWSN\openvisualizer\build\runui
    data     = C:\Users\Lee\Desktop\Git\OpenWSN\openvisualizer\build\runui
    log      = C:\Users\Lee\Desktop\Git\OpenWSN\openvisualizer\build\runui
2022-02-25 13:01:43,720 [openVisualizerApp:INFO] sys.path:
	C:\Users\Lee\Desktop\Git\OpenWSN\coap
	C:\Users\Lee\Desktop\Git\OpenWSN\openvisualizer\bin
	C:\Users\Lee\Desktop\Git\OpenWSN\openvisualizer
	C:\Windows\SYSTEM32\python27.zip
	C:\Python27\DLLs
	C:\Python27\lib
	C:\Python27\lib\plat-win
	C:\Python27\lib\lib-tk
	C:\Python27
	C:\Python27\lib\site-packages
	C:\Python27\lib\site-packages\win32
	C:\Python27\lib\site-packages\win32\lib
	C:\Python27\lib\site-packages\Pythonwin
2022-02-25 13:01:43,720 [RPL:INFO] create instance
2022-02-25 13:01:43,720 [JRC:INFO] create instance
2022-02-25 13:01:46,197 [ParserInfoErrorCritical:INFO] create instance
2022-02-25 13:01:46,197 [ParserInfoErrorCritical:INFO] create instance
2022-02-25 13:01:46,198 [ParserInfoErrorCritical:INFO] create instance
2022-02-25 13:01:46,203 [ParserInfoErrorCritical:INFO] create instance
2022-02-25 13:01:46,203 [ParserInfoErrorCritical:INFO] create instance
2022-02-25 13:01:46,203 [ParserInfoErrorCritical:INFO] create instance
2022-02-25 13:01:46,246 [openVisualizerWeb:INFO] Creating OpenVisualizerWeb
2022-02-25 13:01:57,244 [openVisualizerWeb:INFO] Toggle root status for moteid 5ea8
2022-02-25 13:01:57,266 [ParserInfoErrorCritical:ERROR] 5ea8 [IEEE802154E] wrong state 1 in startSlot, at slotOffset 1
2022-02-25 13:01:57,388 [ParserInfoErrorCritical:INFO] c486 [IEEE802154E] synchronized at slotOffset 0
2022-02-25 13:01:58,273 [RPL:INFO] registering DAGroot 00-12-4b-00-04-30-5e-a8
2022-02-25 13:02:18,259 [ParserInfoErrorCritical:ERROR] c486 [IEEE802154E] large timeCorr.: 6 ticks (code loc. 0)
2022-02-25 13:02:18,259 [ParserInfoErrorCritical:INFO] c486 [SIXTOP] sixtop return code RC_SUCCESS at sixtop state WAIT_ADDRESPONSE
2022-02-25 13:04:10,338 [openVisualizerApp:INFO] Closing OpenVisualizer
2022-02-25 13:06:51,167 [openVisualizerApp:INFO] Initializing OpenVisualizerApp with options:
	appdir      = C:\Users\Lee\Desktop\Git\OpenWSN\openvisualizer\build\runui
    sim         = False
    simCount    = 0
    trace       = False
    debug       = False
    testbedmotes= False
    usePageZero = False
2022-02-25 13:06:51,167 [openVisualizerApp:INFO] Using external dirs:
	conf     = C:\Users\Lee\Desktop\Git\OpenWSN\openvisualizer\build\runui
    data     = C:\Users\Lee\Desktop\Git\OpenWSN\openvisualizer\build\runui
    log      = C:\Users\Lee\Desktop\Git\OpenWSN\openvisualizer\build\runui
2022-02-25 13:06:51,167 [openVisualizerApp:INFO] sys.path:
	C:\Users\Lee\Desktop\Git\OpenWSN\coap
	C:\Users\Lee\Desktop\Git\OpenWSN\openvisualizer\bin
	C:\Users\Lee\Desktop\Git\OpenWSN\openvisualizer
	C:\Windows\SYSTEM32\python27.zip
	C:\Python27\DLLs
	C:\Python27\lib
	C:\Python27\lib\plat-win
	C:\Python27\lib\lib-tk
	C:\Python27
	C:\Python27\lib\site-packages
	C:\Python27\lib\site-packages\win32
	C:\Python27\lib\site-packages\win32\lib
	C:\Python27\lib\site-packages\Pythonwin
2022-02-25 13:06:51,167 [RPL:INFO] create instance
2022-02-25 13:06:51,167 [JRC:INFO] create instance
2022-02-25 13:06:54,578 [ParserInfoErrorCritical:INFO] create instance
2022-02-25 13:06:54,578 [ParserInfoErrorCritical:INFO] create instance
2022-02-25 13:06:54,578 [ParserInfoErrorCritical:INFO] create instance
2022-02-25 13:06:54,578 [ParserInfoErrorCritical:INFO] create instance
2022-02-25 13:06:54,578 [ParserInfoErrorCritical:INFO] create instance
2022-02-25 13:06:54,578 [ParserInfoErrorCritical:INFO] create instance
2022-02-25 13:06:54,625 [openVisualizerWeb:INFO] Creating OpenVisualizerWeb
2022-02-25 13:07:10,737 [ParserInfoErrorCritical:ERROR] c486 [IEEE802154E] invalid packet frome radio, length 0 (code location 0)
2022-02-25 13:07:23,793 [openVisualizerWeb:INFO] Toggle root status for moteid 5ea8
2022-02-25 13:07:23,813 [ParserInfoErrorCritical:ERROR] 5ea8 [IEEE802154E] wrong state 1 in startSlot, at slotOffset 1
2022-02-25 13:07:23,947 [ParserInfoErrorCritical:INFO] c486 [IEEE802154E] synchronized at slotOffset 0
2022-02-25 13:07:24,197 [RPL:INFO] registering DAGroot 00-12-4b-00-04-30-5e-a8
2022-02-25 13:07:38,313 [ParserInfoErrorCritical:ERROR] c486 [IEEE802154E] large timeCorr.: 6 ticks (code loc. 0)
2022-02-25 13:07:38,313 [ParserInfoErrorCritical:INFO] c486 [SIXTOP] sixtop return code RC_SUCCESS at sixtop state WAIT_ADDRESPONSE
2022-02-25 13:08:10,362 [openVisualizerApp:INFO] Closing OpenVisualizer
2022-02-25 13:10:10,048 [openVisualizerApp:INFO] Initializing OpenVisualizerApp with options:
	appdir      = C:\Users\Lee\Desktop\Git\OpenWSN\openvisualizer\build\runui
    sim         = False
    simCount    = 0
    trace       = False
    debug       = False
    testbedmotes= False
    usePageZero = False
2022-02-25 13:10:10,048 [openVisualizerApp:INFO] Using external dirs:
	conf     = C:\Users\Lee\Desktop\Git\OpenWSN\openvisualizer\build\runui
    data     = C:\Users\Lee\Desktop\Git\OpenWSN\openvisualizer\build\runui
    log      = C:\Users\Lee\Desktop\Git\OpenWSN\openvisualizer\build\runui
2022-02-25 13:10:10,048 [openVisualizerApp:INFO] sys.path:
	C:\Users\Lee\Desktop\Git\OpenWSN\coap
	C:\Users\Lee\Desktop\Git\OpenWSN\openvisualizer\bin
	C:\Users\Lee\Desktop\Git\OpenWSN\openvisualizer
	C:\Windows\SYSTEM32\python27.zip
	C:\Python27\DLLs
	C:\Python27\lib
	C:\Python27\lib\plat-win
	C:\Python27\lib\lib-tk
	C:\Python27
	C:\Python27\lib\site-packages
	C:\Python27\lib\site-packages\win32
	C:\Python27\lib\site-packages\win32\lib
	C:\Python27\lib\site-packages\Pythonwin
2022-02-25 13:10:10,048 [RPL:INFO] create instance
2022-02-25 13:10:10,048 [JRC:INFO] create instance
2022-02-25 13:10:13,444 [ParserInfoErrorCritical:INFO] create instance
2022-02-25 13:10:13,444 [ParserInfoErrorCritical:INFO] create instance
2022-02-25 13:10:13,444 [ParserInfoErrorCritical:INFO] create instance
2022-02-25 13:10:13,444 [ParserInfoErrorCritical:INFO] create instance
2022-02-25 13:10:13,444 [ParserInfoErrorCritical:INFO] create instance
2022-02-25 13:10:13,444 [ParserInfoErrorCritical:INFO] create instance
2022-02-25 13:10:13,499 [openVisualizerWeb:INFO] Creating OpenVisualizerWeb
2022-02-25 13:10:58,155 [openVisualizerWeb:INFO] Toggle root status for moteid 5ea8
2022-02-25 13:10:58,174 [ParserInfoErrorCritical:ERROR] 5ea8 [IEEE802154E] wrong state 1 in startSlot, at slotOffset 1
2022-02-25 13:10:58,365 [RPL:INFO] registering DAGroot 00-12-4b-00-04-30-5e-a8
2022-02-25 13:11:00,788 [ParserInfoErrorCritical:INFO] c486 [IEEE802154E] synchronized at slotOffset 0
2022-02-25 13:11:02,795 [ParserInfoErrorCritical:INFO] c486 [SIXTOP] sixtop return code RC_SUCCESS at sixtop state WAIT_ADDRESPONSE
2022-02-25 13:11:14,344 [openVisualizerApp:INFO] Closing OpenVisualizer
2022-02-28 14:29:15,551 [openVisualizerApp:INFO] Initializing OpenVisualizerApp with options:
	appdir      = C:\Users\Lee\Desktop\Git\OpenWSN\openvisualizer\build\runui
    sim         = False
    simCount    = 0
    trace       = False
    debug       = False
    testbedmotes= False
    usePageZero = False
2022-02-28 14:29:15,551 [openVisualizerApp:INFO] Using external dirs:
	conf     = C:\Users\Lee\Desktop\Git\OpenWSN\openvisualizer\build\runui
    data     = C:\Users\Lee\Desktop\Git\OpenWSN\openvisualizer\build\runui
    log      = C:\Users\Lee\Desktop\Git\OpenWSN\openvisualizer\build\runui
2022-02-28 14:29:15,551 [openVisualizerApp:INFO] sys.path:
	C:\Users\Lee\Desktop\Git\OpenWSN\coap
	C:\Users\Lee\Desktop\Git\OpenWSN\openvisualizer\bin
	C:\Users\Lee\Desktop\Git\OpenWSN\openvisualizer
	C:\Windows\SYSTEM32\python27.zip
	C:\Python27\DLLs
	C:\Python27\lib
	C:\Python27\lib\plat-win
	C:\Python27\lib\lib-tk
	C:\Python27
	C:\Python27\lib\site-packages
	C:\Python27\lib\site-packages\win32
	C:\Python27\lib\site-packages\win32\lib
	C:\Python27\lib\site-packages\Pythonwin
2022-02-28 14:29:15,551 [RPL:INFO] create instance
2022-02-28 14:29:15,551 [JRC:INFO] create instance
2022-02-28 14:29:19,042 [ParserInfoErrorCritical:INFO] create instance
2022-02-28 14:29:19,042 [ParserInfoErrorCritical:INFO] create instance
2022-02-28 14:29:19,042 [ParserInfoErrorCritical:INFO] create instance
2022-02-28 14:29:19,046 [ParserInfoErrorCritical:INFO] create instance
2022-02-28 14:29:19,046 [ParserInfoErrorCritical:INFO] create instance
2022-02-28 14:29:19,046 [ParserInfoErrorCritical:INFO] create instance
2022-02-28 14:29:19,108 [openVisualizerWeb:INFO] Creating OpenVisualizerWeb
2022-02-28 14:29:23,233 [openVisualizerWeb:INFO] Toggle root status for moteid 5ea8
2022-02-28 14:29:23,269 [ParserInfoErrorCritical:ERROR] 5ea8 [IEEE802154E] wrong state 1 in startSlot, at slotOffset 1
2022-02-28 14:29:23,917 [RPL:INFO] registering DAGroot 00-12-4b-00-04-30-5e-a8
2022-02-28 14:29:24,427 [ParserInfoErrorCritical:INFO] c486 [IEEE802154E] synchronized at slotOffset 0
2022-02-28 14:29:27,730 [ParserInfoErrorCritical:ERROR] c486 [IEEE802154E] large timeCorr.: 6 ticks (code loc. 0)
2022-02-28 14:29:27,730 [ParserInfoErrorCritical:INFO] c486 [SIXTOP] sixtop return code RC_SUCCESS at sixtop state WAIT_ADDRESPONSE
2022-02-28 14:29:57,157 [openVisualizerApp:INFO] Closing OpenVisualizer
2022-03-04 11:04:40,974 [openVisualizerApp:INFO] Initializing OpenVisualizerApp with options:
	appdir      = C:\Users\Lee\Desktop\Git\OpenWSN\openvisualizer\build\runui
    sim         = False
    simCount    = 0
    trace       = False
    debug       = False
    testbedmotes= False
    usePageZero = False
2022-03-04 11:04:40,974 [openVisualizerApp:INFO] Using external dirs:
	conf     = C:\Users\Lee\Desktop\Git\OpenWSN\openvisualizer\build\runui
    data     = C:\Users\Lee\Desktop\Git\OpenWSN\openvisualizer\build\runui
    log      = C:\Users\Lee\Desktop\Git\OpenWSN\openvisualizer\build\runui
2022-03-04 11:04:40,974 [openVisualizerApp:INFO] sys.path:
	C:\Users\Lee\Desktop\Git\OpenWSN\coap
	C:\Users\Lee\Desktop\Git\OpenWSN\openvisualizer\bin
	C:\Users\Lee\Desktop\Git\OpenWSN\openvisualizer
	C:\Windows\SYSTEM32\python27.zip
	C:\Python27\DLLs
	C:\Python27\lib
	C:\Python27\lib\plat-win
	C:\Python27\lib\lib-tk
	C:\Python27
	C:\Python27\lib\site-packages
	C:\Python27\lib\site-packages\win32
	C:\Python27\lib\site-packages\win32\lib
	C:\Python27\lib\site-packages\Pythonwin
2022-03-04 11:04:40,974 [RPL:INFO] create instance
2022-03-04 11:04:40,974 [JRC:INFO] create instance
2022-03-04 11:04:43,464 [ParserInfoErrorCritical:INFO] create instance
2022-03-04 11:04:43,466 [ParserInfoErrorCritical:INFO] create instance
2022-03-04 11:04:43,466 [ParserInfoErrorCritical:INFO] create instance
2022-03-04 11:04:43,470 [ParserInfoErrorCritical:INFO] create instance
2022-03-04 11:04:43,470 [ParserInfoErrorCritical:INFO] create instance
2022-03-04 11:04:43,470 [ParserInfoErrorCritical:INFO] create instance
2022-03-04 11:04:43,528 [openVisualizerWeb:INFO] Creating OpenVisualizerWeb
2022-03-04 11:04:53,884 [openVisualizerWeb:INFO] Toggle root status for moteid 5ea8
2022-03-04 11:04:53,911 [ParserInfoErrorCritical:ERROR] 5ea8 [IEEE802154E] wrong state 1 in startSlot, at slotOffset 1
2022-03-04 11:04:54,437 [RPL:INFO] registering DAGroot 00-12-4b-00-04-30-5e-a8
2022-03-04 11:04:54,556 [ParserInfoErrorCritical:INFO] c486 [IEEE802154E] synchronized at slotOffset 0
2022-03-04 11:04:57,463 [ParserInfoErrorCritical:ERROR] c486 [IEEE802154E] large timeCorr.: 6 ticks (code loc. 0)
2022-03-04 11:04:57,479 [ParserInfoErrorCritical:INFO] c486 [SIXTOP] sixtop return code RC_SUCCESS at sixtop state WAIT_ADDRESPONSE
2022-03-04 11:09:04,165 [openVisualizerApp:INFO] Closing OpenVisualizer
2022-03-04 18:16:17,592 [openVisualizerApp:INFO] Initializing OpenVisualizerApp with options:
	appdir      = C:\Users\Lee\Desktop\Git\OpenWSN\openvisualizer\build\runui
    sim         = False
    simCount    = 0
    trace       = False
    debug       = False
    testbedmotes= False
    usePageZero = False
2022-03-04 18:16:17,592 [openVisualizerApp:INFO] Using external dirs:
	conf     = C:\Users\Lee\Desktop\Git\OpenWSN\openvisualizer\build\runui
    data     = C:\Users\Lee\Desktop\Git\OpenWSN\openvisualizer\build\runui
    log      = C:\Users\Lee\Desktop\Git\OpenWSN\openvisualizer\build\runui
2022-03-04 18:16:17,592 [openVisualizerApp:INFO] sys.path:
	C:\Users\Lee\Desktop\Git\OpenWSN\coap
	C:\Users\Lee\Desktop\Git\OpenWSN\openvisualizer\bin
	C:\Users\Lee\Desktop\Git\OpenWSN\openvisualizer
	C:\Windows\SYSTEM32\python27.zip
	C:\Python27\DLLs
	C:\Python27\lib
	C:\Python27\lib\plat-win
	C:\Python27\lib\lib-tk
	C:\Python27
	C:\Python27\lib\site-packages
	C:\Python27\lib\site-packages\win32
	C:\Python27\lib\site-packages\win32\lib
	C:\Python27\lib\site-packages\Pythonwin
2022-03-04 18:16:17,592 [RPL:INFO] create instance
2022-03-04 18:16:17,592 [JRC:INFO] create instance
2022-03-04 18:16:21,045 [ParserInfoErrorCritical:INFO] create instance
2022-03-04 18:16:21,046 [ParserInfoErrorCritical:INFO] create instance
2022-03-04 18:16:21,046 [ParserInfoErrorCritical:INFO] create instance
2022-03-04 18:16:21,049 [ParserInfoErrorCritical:INFO] create instance
2022-03-04 18:16:21,051 [ParserInfoErrorCritical:INFO] create instance
2022-03-04 18:16:21,051 [ParserInfoErrorCritical:INFO] create instance
2022-03-04 18:16:21,099 [openVisualizerWeb:INFO] Creating OpenVisualizerWeb
2022-03-04 18:16:30,934 [openVisualizerWeb:INFO] Toggle root status for moteid 5ea8
2022-03-04 18:16:30,964 [ParserInfoErrorCritical:ERROR] 5ea8 [IEEE802154E] wrong state 1 in startSlot, at slotOffset 1
2022-03-04 18:16:31,332 [RPL:INFO] registering DAGroot 00-12-4b-00-04-30-5e-a8
2022-03-04 18:16:31,867 [ParserInfoErrorCritical:INFO] c486 [IEEE802154E] synchronized at slotOffset 0
2022-03-04 18:17:03,151 [ParserInfoErrorCritical:ERROR] c486 [IEEE802154E] large timeCorr.: -6 ticks (code loc. 1)
2022-03-04 18:17:03,276 [ParserInfoErrorCritical:ERROR] c486 [IEEE802154E] large timeCorr.: 11 ticks (code loc. 0)
2022-03-04 18:17:03,278 [ParserInfoErrorCritical:INFO] c486 [SIXTOP] sixtop return code RC_SUCCESS at sixtop state WAIT_ADDRESPONSE
2022-03-04 18:17:17,831 [openVisualizerApp:INFO] Closing OpenVisualizer
2022-03-04 18:57:43,375 [openVisualizerApp:INFO] Initializing OpenVisualizerApp with options:
	appdir      = C:\Users\Lee\Desktop\Git\OpenWSN\openvisualizer\build\runui
    sim         = False
    simCount    = 0
    trace       = False
    debug       = False
    testbedmotes= False
    usePageZero = False
2022-03-04 18:57:43,375 [openVisualizerApp:INFO] Using external dirs:
	conf     = C:\Users\Lee\Desktop\Git\OpenWSN\openvisualizer\build\runui
    data     = C:\Users\Lee\Desktop\Git\OpenWSN\openvisualizer\build\runui
    log      = C:\Users\Lee\Desktop\Git\OpenWSN\openvisualizer\build\runui
2022-03-04 18:57:43,375 [openVisualizerApp:INFO] sys.path:
	C:\Users\Lee\Desktop\Git\OpenWSN\coap
	C:\Users\Lee\Desktop\Git\OpenWSN\openvisualizer\bin
	C:\Users\Lee\Desktop\Git\OpenWSN\openvisualizer
	C:\Windows\SYSTEM32\python27.zip
	C:\Python27\DLLs
	C:\Python27\lib
	C:\Python27\lib\plat-win
	C:\Python27\lib\lib-tk
	C:\Python27
	C:\Python27\lib\site-packages
	C:\Python27\lib\site-packages\win32
	C:\Python27\lib\site-packages\win32\lib
	C:\Python27\lib\site-packages\Pythonwin
2022-03-04 18:57:43,375 [RPL:INFO] create instance
2022-03-04 18:57:43,375 [JRC:INFO] create instance
2022-03-04 18:57:46,844 [ParserInfoErrorCritical:INFO] create instance
2022-03-04 18:57:46,845 [ParserInfoErrorCritical:INFO] create instance
2022-03-04 18:57:46,845 [ParserInfoErrorCritical:INFO] create instance
2022-03-04 18:57:46,849 [ParserInfoErrorCritical:INFO] create instance
2022-03-04 18:57:46,849 [ParserInfoErrorCritical:INFO] create instance
2022-03-04 18:57:46,849 [ParserInfoErrorCritical:INFO] create instance
2022-03-04 18:57:46,907 [openVisualizerWeb:INFO] Creating OpenVisualizerWeb
2022-03-04 18:57:53,204 [openVisualizerWeb:INFO] Toggle root status for moteid c486
2022-03-04 18:57:53,240 [ParserInfoErrorCritical:ERROR] c486 [IEEE802154E] wrong state 1 in startSlot, at slotOffset 1
2022-03-04 18:57:53,513 [RPL:INFO] registering DAGroot 00-12-4b-00-04-22-c4-86
2022-03-04 18:57:55,836 [ParserInfoErrorCritical:INFO] 5ea8 [IEEE802154E] synchronized at slotOffset 0
2022-03-04 18:58:09,036 [ParserInfoErrorCritical:ERROR] 5ea8 [IEEE802154E] large timeCorr.: 6 ticks (code loc. 0)
2022-03-04 18:58:09,038 [ParserInfoErrorCritical:INFO] 5ea8 [SIXTOP] sixtop return code RC_SUCCESS at sixtop state WAIT_ADDRESPONSE
2022-03-04 18:58:10,467 [moteProbe:CRITICAL] 

======= crash in moteProbe@COM5 =======
Error:
global name 'output1' is not defined

call stack:

Traceback (most recent call last):
  File "C:\Users\Lee\Desktop\Git\OpenWSN\openvisualizer\openvisualizer\moteProbe\moteProbe.py", line 354, in run
    self.sendToParser([ord(c) for c in self.inputBuf])
  File "C:\Users\Lee\Desktop\Git\OpenWSN\openvisualizer\openvisualizer\moteConnector\moteConnector.py", line 88, in _sendToParser
    self.dispatch('fromMote.'+eventSubType,parsedNotif)
  File "C:\Users\Lee\Desktop\Git\OpenWSN\openvisualizer\openvisualizer\eventBus\eventBusClient.py", line 68, in dispatch
    data   = data,
  File "C:\Python27\lib\site-packages\pydispatch\dispatcher.py", line 343, in send
    **named
  File "C:\Python27\lib\site-packages\pydispatch\robustapply.py", line 57, in robustApply
    return receiver(*arguments, **named)
  File "C:\Users\Lee\Desktop\Git\OpenWSN\openvisualizer\openvisualizer\eventBus\eventBusClient.py", line 134, in _eventBusNotification
    data   = data,
  File "C:\Users\Lee\Desktop\Git\OpenWSN\openvisualizer\openvisualizer\openLbr\openLbr.py", line 419, in _meshToV6_notif
    success = self._dispatchProtocol(dispatchSignal,(ipv6dic['src_addr'],ipv6dic['app_payload']))
  File "C:\Users\Lee\Desktop\Git\OpenWSN\openvisualizer\openvisualizer\eventBus\eventBusClient.py", line 163, in _dispatchProtocol
    data         = data,
  File "C:\Users\Lee\Desktop\Git\OpenWSN\openvisualizer\openvisualizer\eventBus\eventBusClient.py", line 68, in dispatch
    data   = data,
  File "C:\Python27\lib\site-packages\pydispatch\dispatcher.py", line 343, in send
    **named
  File "C:\Python27\lib\site-packages\pydispatch\robustapply.py", line 57, in robustApply
    return receiver(*arguments, **named)
  File "C:\Users\Lee\Desktop\Git\OpenWSN\openvisualizer\openvisualizer\eventBus\eventBusClient.py", line 134, in _eventBusNotification
    data   = data,
  File "C:\Users\Lee\Desktop\Git\OpenWSN\openvisualizer\openvisualizer\RPL\RPL.py", line 185, in _fromMoteDataLocal_notif
    self._indicateDAO(data)
  File "C:\Users\Lee\Desktop\Git\OpenWSN\openvisualizer\openvisualizer\RPL\RPL.py", line 282, in _indicateDAO
    print output1
NameError: global name 'output1' is not defined



2022-03-04 19:37:07,319 [openVisualizerApp:INFO] Closing OpenVisualizer
2022-03-04 19:38:13,105 [openVisualizerApp:INFO] Initializing OpenVisualizerApp with options:
	appdir      = C:\Users\Lee\Desktop\Git\OpenWSN\openvisualizer\build\runui
    sim         = False
    simCount    = 0
    trace       = False
    debug       = False
    testbedmotes= False
    usePageZero = False
2022-03-04 19:38:13,105 [openVisualizerApp:INFO] Using external dirs:
	conf     = C:\Users\Lee\Desktop\Git\OpenWSN\openvisualizer\build\runui
    data     = C:\Users\Lee\Desktop\Git\OpenWSN\openvisualizer\build\runui
    log      = C:\Users\Lee\Desktop\Git\OpenWSN\openvisualizer\build\runui
2022-03-04 19:38:13,105 [openVisualizerApp:INFO] sys.path:
	C:\Users\Lee\Desktop\Git\OpenWSN\coap
	C:\Users\Lee\Desktop\Git\OpenWSN\openvisualizer\bin
	C:\Users\Lee\Desktop\Git\OpenWSN\openvisualizer
	C:\Windows\SYSTEM32\python27.zip
	C:\Python27\DLLs
	C:\Python27\lib
	C:\Python27\lib\plat-win
	C:\Python27\lib\lib-tk
	C:\Python27
	C:\Python27\lib\site-packages
	C:\Python27\lib\site-packages\win32
	C:\Python27\lib\site-packages\win32\lib
	C:\Python27\lib\site-packages\Pythonwin
2022-03-04 19:38:13,105 [RPL:INFO] create instance
2022-03-04 19:38:13,105 [JRC:INFO] create instance
2022-03-04 19:38:16,585 [ParserInfoErrorCritical:INFO] create instance
2022-03-04 19:38:16,585 [ParserInfoErrorCritical:INFO] create instance
2022-03-04 19:38:16,585 [ParserInfoErrorCritical:INFO] create instance
2022-03-04 19:38:16,591 [ParserInfoErrorCritical:INFO] create instance
2022-03-04 19:38:16,591 [ParserInfoErrorCritical:INFO] create instance
2022-03-04 19:38:16,591 [ParserInfoErrorCritical:INFO] create instance
2022-03-04 19:38:16,634 [openVisualizerWeb:INFO] Creating OpenVisualizerWeb
2022-03-04 19:38:24,026 [openVisualizerWeb:INFO] Toggle root status for moteid 5ea8
2022-03-04 19:38:24,059 [ParserInfoErrorCritical:ERROR] 5ea8 [IEEE802154E] wrong state 1 in startSlot, at slotOffset 1
2022-03-04 19:38:24,308 [ParserInfoErrorCritical:INFO] c486 [IEEE802154E] synchronized at slotOffset 0
2022-03-04 19:38:24,476 [RPL:INFO] registering DAGroot 00-12-4b-00-04-30-5e-a8
2022-03-04 19:38:46,568 [ParserInfoErrorCritical:INFO] c486 [CEXAMPLE] unknown error 100 arg1=24232 arg2=0
2022-03-04 19:38:46,875 [ParserInfoErrorCritical:ERROR] c486 [IEEE802154E] large timeCorr.: -6 ticks (code loc. 1)
2022-03-04 19:38:47,000 [ParserInfoErrorCritical:ERROR] c486 [IEEE802154E] large timeCorr.: 10 ticks (code loc. 0)
2022-03-04 19:38:47,000 [ParserInfoErrorCritical:INFO] c486 [SIXTOP] sixtop return code RC_SUCCESS at sixtop state WAIT_ADDRESPONSE
